# JRE version: OpenJDK Runtime Environment Temurin-11.0.16.1+1 (11.0.16.1+1) (build 11.0.16.1+1)
# Java VM: OpenJDK 64-Bit Server VM Temurin-11.0.16.1+1 (11.0.16.1+1, mixed mode, tiered, compressed oops, g1 gc, bsd-amd64)
Heap:
 garbage-first heap   total 217088K, used 164532K [0x00000000e0000000, 0x0000000100000000)
  region size 1024K, 42 young (43008K), 8 survivors (8192K)
 Metaspace       used 119702K, capacity 129262K, committed 129580K, reserved 1163264K
  class space    used 13410K, capacity 16398K, committed 16512K, reserved 1048576K
GC Heap History (20 events):
Event: 27,001 GC heap before
{Heap before GC invocations=111 (full 0):
 garbage-first heap   total 172032K, used 137171K [0x00000000e0000000, 0x0000000100000000)
  region size 1024K, 48 young (49152K), 5 survivors (5120K)
 Metaspace       used 110579K, capacity 119642K, committed 119852K, reserved 1153024K
  class space    used 12572K, capacity 15440K, committed 15488K, reserved 1048576K
}
Event: 27,014 GC heap after
{Heap after GC invocations=112 (full 0):
 garbage-first heap   total 217088K, used 99254K [0x00000000e0000000, 0x0000000100000000)
  region size 1024K, 6 young (6144K), 6 survivors (6144K)
 Metaspace       used 110579K, capacity 119642K, committed 119852K, reserved 1153024K
  class space    used 12572K, capacity 15440K, committed 15488K, reserved 1048576K
}
Event: 27,291 GC heap before
{Heap before GC invocations=112 (full 0):
 garbage-first heap   total 217088K, used 161718K [0x00000000e0000000, 0x0000000100000000)
  region size 1024K, 67 young (68608K), 6 survivors (6144K)
 Metaspace       used 111632K, capacity 120733K, committed 121004K, reserved 1155072K
  class space    used 12663K, capacity 15545K, committed 15616K, reserved 1048576K
}
Event: 27,316 GC heap after
{Heap after GC invocations=113 (full 0):
 garbage-first heap   total 217088K, used 104164K [0x00000000e0000000, 0x0000000100000000)
  region size 1024K, 9 young (9216K), 9 survivors (9216K)
 Metaspace       used 111632K, capacity 120733K, committed 121004K, reserved 1155072K
  class space    used 12663K, capacity 15545K, committed 15616K, reserved 1048576K
}
Event: 27,658 GC heap before
{Heap before GC invocations=113 (full 0):
 garbage-first heap   total 217088K, used 166628K [0x00000000e0000000, 0x0000000100000000)
  region size 1024K, 70 young (71680K), 9 survivors (9216K)
 Metaspace       used 112947K, capacity 121982K, committed 122156K, reserved 1155072K
  class space    used 12790K, capacity 15658K, committed 15744K, reserved 1048576K
}
Event: 27,674 GC heap after
{Heap after GC invocations=114 (full 0):
 garbage-first heap   total 217088K, used 106566K [0x00000000e0000000, 0x0000000100000000)
  region size 1024K, 7 young (7168K), 7 survivors (7168K)
 Metaspace       used 112947K, capacity 121982K, committed 122156K, reserved 1155072K
  class space    used 12790K, capacity 15658K, committed 15744K, reserved 1048576K
}
Event: 28,625 GC heap before
{Heap before GC invocations=114 (full 0):
 garbage-first heap   total 217088K, used 170054K [0x00000000e0000000, 0x0000000100000000)
  region size 1024K, 69 young (70656K), 7 survivors (7168K)
 Metaspace       used 116357K, capacity 125538K, committed 125740K, reserved 1159168K
  class space    used 13125K, capacity 15980K, committed 16000K, reserved 1048576K
}
Event: 28,638 GC heap after
{Heap after GC invocations=115 (full 0):
 garbage-first heap   total 217088K, used 104373K [0x00000000e0000000, 0x0000000100000000)
  region size 1024K, 7 young (7168K), 7 survivors (7168K)
 Metaspace       used 116357K, capacity 125538K, committed 125740K, reserved 1159168K
  class space    used 13125K, capacity 15980K, committed 16000K, reserved 1048576K
}
Event: 28,879 GC heap before
{Heap before GC invocations=115 (full 0):
 garbage-first heap   total 217088K, used 172981K [0x00000000e0000000, 0x0000000100000000)
  region size 1024K, 71 young (72704K), 7 survivors (7168K)
 Metaspace       used 116505K, capacity 125676K, committed 125996K, reserved 1159168K
  class space    used 13132K, capacity 15983K, committed 16000K, reserved 1048576K
}
Event: 28,894 GC heap after
{Heap after GC invocations=116 (full 0):
 garbage-first heap   total 217088K, used 115425K [0x00000000e0000000, 0x0000000100000000)
  region size 1024K, 9 young (9216K), 9 survivors (9216K)
 Metaspace       used 116505K, capacity 125676K, committed 125996K, reserved 1159168K
  class space    used 13132K, capacity 15983K, committed 16000K, reserved 1048576K
}
Event: 29,431 GC heap before
{Heap before GC invocations=116 (full 0):
 garbage-first heap   total 217088K, used 175841K [0x00000000e0000000, 0x0000000100000000)
  region size 1024K, 69 young (70656K), 9 survivors (9216K)
 Metaspace       used 117195K, capacity 126355K, committed 126636K, reserved 1159168K
  class space    used 13176K, capacity 16056K, committed 16128K, reserved 1048576K
}
Event: 29,451 GC heap after
{Heap after GC invocations=117 (full 0):
 garbage-first heap   total 217088K, used 108961K [0x00000000e0000000, 0x0000000100000000)
  region size 1024K, 4 young (4096K), 4 survivors (4096K)
 Metaspace       used 117195K, capacity 126355K, committed 126636K, reserved 1159168K
  class space    used 13176K, capacity 16056K, committed 16128K, reserved 1048576K
}
Event: 29,761 GC heap before
{Heap before GC invocations=117 (full 0):
 garbage-first heap   total 217088K, used 183713K [0x00000000e0000000, 0x0000000100000000)
  region size 1024K, 68 young (69632K), 4 survivors (4096K)
 Metaspace       used 118149K, capacity 127380K, committed 127788K, reserved 1161216K
  class space    used 13274K, capacity 16140K, committed 16256K, reserved 1048576K
}
Event: 29,768 GC heap after
{Heap after GC invocations=118 (full 0):
 garbage-first heap   total 217088K, used 114041K [0x00000000e0000000, 0x0000000100000000)
  region size 1024K, 7 young (7168K), 7 survivors (7168K)
 Metaspace       used 118149K, capacity 127380K, committed 127788K, reserved 1161216K
  class space    used 13274K, capacity 16140K, committed 16256K, reserved 1048576K
}
Event: 30,060 GC heap before
{Heap before GC invocations=118 (full 0):
 garbage-first heap   total 217088K, used 179577K [0x00000000e0000000, 0x0000000100000000)
  region size 1024K, 70 young (71680K), 7 survivors (7168K)
 Metaspace       used 118742K, capacity 127958K, committed 128300K, reserved 1161216K
  class space    used 13327K, capacity 16183K, committed 16256K, reserved 1048576K
}
Event: 30,071 GC heap after
{Heap after GC invocations=119 (full 0):
 garbage-first heap   total 217088K, used 115979K [0x00000000e0000000, 0x0000000100000000)
  region size 1024K, 6 young (6144K), 6 survivors (6144K)
 Metaspace       used 118742K, capacity 127958K, committed 128300K, reserved 1161216K
  class space    used 13327K, capacity 16183K, committed 16256K, reserved 1048576K
}
Event: 30,531 GC heap before
{Heap before GC invocations=119 (full 0):
 garbage-first heap   total 217088K, used 180491K [0x00000000e0000000, 0x0000000100000000)
  region size 1024K, 68 young (69632K), 6 survivors (6144K)
 Metaspace       used 118981K, capacity 128186K, committed 128556K, reserved 1161216K
  class space    used 13343K, capacity 16191K, committed 16256K, reserved 1048576K
}
Event: 30,544 GC heap after
{Heap after GC invocations=120 (full 0):
 garbage-first heap   total 217088K, used 122761K [0x00000000e0000000, 0x0000000100000000)
  region size 1024K, 9 young (9216K), 9 survivors (9216K)
 Metaspace       used 118981K, capacity 128186K, committed 128556K, reserved 1161216K
  class space    used 13343K, capacity 16191K, committed 16256K, reserved 1048576K
}
Event: 31,094 GC heap before
{Heap before GC invocations=120 (full 0):
 garbage-first heap   total 217088K, used 180105K [0x00000000e0000000, 0x0000000100000000)
  region size 1024K, 67 young (68608K), 9 survivors (9216K)
 Metaspace       used 119313K, capacity 128583K, committed 128940K, reserved 1161216K
  class space    used 13372K, capacity 16301K, committed 16384K, reserved 1048576K
}
Event: 31,108 GC heap after
{Heap after GC invocations=121 (full 0):
 garbage-first heap   total 217088K, used 130740K [0x00000000e0000000, 0x0000000100000000)
  region size 1024K, 8 young (8192K), 8 survivors (8192K)
 Metaspace       used 119313K, capacity 128583K, committed 128940K, reserved 1161216K
  class space    used 13372K, capacity 16301K, committed 16384K, reserved 1048576K
}

